Mon Sep  1 05:25:31 PM UTC 2025 - Changes pushed to GitHub
Start building sites … 
hugo v0.149.0-66240338f1b908ca3b163384c8229943e74eb290+extended linux/amd64 BuildDate=2025-08-27T15:37:16Z VendorInfo=snap:0.149.0


                  │ EN 
──────────────────┼────
 Pages            │ 29 
 Paginator pages  │  0 
 Non-page files   │  0 
 Static files     │  1 
 Processed images │  0 
 Aliases          │  1 
 Cleaned          │  0 

Total in 74 ms
[main dc8abc0] Automated update: 2025-09-01 19:00:01
 17 files changed, 1039 insertions(+), 8 deletions(-)
 create mode 100644 content/posts/product_1.md
 create mode 100644 content/posts/product_2.md
 create mode 100644 content/posts/product_3.md
 create mode 100644 content/posts/product_4.md
 create mode 100644 content/posts/product_5.md
 create mode 100644 public/posts/product_1/index.html
 create mode 100644 public/posts/product_2/index.html
 create mode 100644 public/posts/product_3/index.html
 create mode 100644 public/posts/product_4/index.html
 create mode 100644 public/posts/product_5/index.html
To github.com:matt1085/affiliate-blog.git
   f4f4628..dc8abc0  main -> main
Start building sites … 
hugo v0.149.0-66240338f1b908ca3b163384c8229943e74eb290+extended linux/amd64 BuildDate=2025-08-27T15:37:16Z VendorInfo=snap:0.149.0


                  │ EN 
──────────────────┼────
 Pages            │ 29 
 Paginator pages  │  0 
 Non-page files   │  0 
 Static files     │  1 
 Processed images │  0 
 Aliases          │  1 
 Cleaned          │  0 

Total in 57 ms
[main 82d7aa3] Automated update: 2025-09-01 20:00:01
 2 files changed, 32 insertions(+), 9 deletions(-)
To github.com:matt1085/affiliate-blog.git
   cabf71d..82d7aa3  main -> main
Start building sites … 
hugo v0.149.0-66240338f1b908ca3b163384c8229943e74eb290+extended linux/amd64 BuildDate=2025-08-27T15:37:16Z VendorInfo=snap:0.149.0


                  │ EN 
──────────────────┼────
 Pages            │ 29 
 Paginator pages  │  0 
 Non-page files   │  0 
 Static files     │  1 
 Processed images │  0 
 Aliases          │  1 
 Cleaned          │  0 

Total in 57 ms
[main 5e41278] Automated update: 2025-09-01 21:00:01
 2 files changed, 20 insertions(+)
To github.com:matt1085/affiliate-blog.git
   82d7aa3..5e41278  main -> main
Start building sites … 
hugo v0.149.0-66240338f1b908ca3b163384c8229943e74eb290+extended linux/amd64 BuildDate=2025-08-27T15:37:16Z VendorInfo=snap:0.149.0


                  │ EN 
──────────────────┼────
 Pages            │ 29 
 Paginator pages  │  0 
 Non-page files   │  0 
 Static files     │  1 
 Processed images │  0 
 Aliases          │  1 
 Cleaned          │  0 

Total in 64 ms
[main 4519b60] Automated update: 2025-09-01 22:00:02
 2 files changed, 20 insertions(+)
To github.com:matt1085/affiliate-blog.git
   5e41278..4519b60  main -> main
Start building sites … 
hugo v0.149.0-66240338f1b908ca3b163384c8229943e74eb290+extended linux/amd64 BuildDate=2025-08-27T15:37:16Z VendorInfo=snap:0.149.0


                  │ EN 
──────────────────┼────
 Pages            │ 29 
 Paginator pages  │  0 
 Non-page files   │  0 
 Static files     │  1 
 Processed images │  0 
 Aliases          │  1 
 Cleaned          │  0 

Total in 69 ms
