Start building sites … 
hugo v0.149.0-66240338f1b908ca3b163384c8229943e74eb290+extended linux/amd64 BuildDate=2025-08-27T15:37:16Z VendorInfo=snap:0.149.0


                  │ EN 
──────────────────┼────
 Pages            │ 10 
 Paginator pages  │  0 
 Non-page files   │  0 
 Static files     │  1 
 Processed images │  0 
 Aliases          │  1 
 Cleaned          │  0 

Total in 54 ms
[main 8959ad3] Automated update: 2025-08-31 17:13:12
 13 files changed, 53 insertions(+), 643 deletions(-)
 create mode 100644 auto_push.log
 rewrite auto_push.sh (89%)
 rewrite public/404.html (100%)
 rewrite public/categories/index.html (100%)
 rewrite public/categories/index.xml (100%)
 rewrite public/index.html (100%)
 rewrite public/index.xml (100%)
 rewrite public/posts/index.html (100%)
 rewrite public/posts/index.xml (100%)
 rewrite public/sitemap.xml (100%)
 rewrite public/tags/index.html (100%)
 rewrite public/tags/index.xml (100%)
To github.com:matt1085/affiliate-blog.git
   57fd757..8959ad3  main -> main
Start building sites … 
hugo v0.149.0-66240338f1b908ca3b163384c8229943e74eb290+extended linux/amd64 BuildDate=2025-08-27T15:37:16Z VendorInfo=snap:0.149.0


                  │ EN 
──────────────────┼────
 Pages            │ 10 
 Paginator pages  │  0 
 Non-page files   │  0 
 Static files     │  1 
 Processed images │  0 
 Aliases          │  1 
 Cleaned          │  0 

Total in 67 ms
No changes detected. Nothing to commit.
Start building sites … 
hugo v0.149.0-66240338f1b908ca3b163384c8229943e74eb290+extended linux/amd64 BuildDate=2025-08-27T15:37:16Z VendorInfo=snap:0.149.0


                  │ EN 
──────────────────┼────
 Pages            │ 10 
 Paginator pages  │  0 
 Non-page files   │  0 
 Static files     │  1 
 Processed images │  0 
 Aliases          │  1 
 Cleaned          │  0 

Total in 56 ms
No changes detected. Nothing to commit.
Start building sites … 
hugo v0.149.0-66240338f1b908ca3b163384c8229943e74eb290+extended linux/amd64 BuildDate=2025-08-27T15:37:16Z VendorInfo=snap:0.149.0


                  │ EN 
──────────────────┼────
 Pages            │ 10 
 Paginator pages  │  0 
 Non-page files   │  0 
 Static files     │  1 
 Processed images │  0 
 Aliases          │  1 
 Cleaned          │  0 

Total in 55 ms
[main 4b6dc47] Automated update: 2025-08-31 18:02:11
 2 files changed, 91 insertions(+), 27 deletions(-)
 rewrite auto_push.sh (65%)
To github.com:matt1085/affiliate-blog.git
   8959ad3..4b6dc47  main -> main
2025-08-31 18:02:12 - Changes pushed to GitHub
Site updated and pushed at Sun Aug 31 06:48:21 PM UTC 2025
Start building sites … 
hugo v0.149.0-66240338f1b908ca3b163384c8229943e74eb290+extended linux/amd64 BuildDate=2025-08-27T15:37:16Z VendorInfo=snap:0.149.0


                  │ EN 
──────────────────┼────
 Pages            │ 12 
 Paginator pages  │  0 
 Non-page files   │  0 
 Static files     │  1 
 Processed images │  0 
 Aliases          │  1 
 Cleaned          │  0 

Total in 57 ms
[main 1755c09] Automated update: 2025-09-01 02:00:01
 8 files changed, 203 insertions(+)
 create mode 100644 content/posts/2025-09-01-auto-post.md
 create mode 100644 public/posts/2025-09-01-auto-post/index.html
To github.com:matt1085/affiliate-blog.git
   24e6fb8..1755c09  main -> main
Site updated and pushed at Mon Sep  1 02:00:03 AM UTC 2025
Site updated and pushed at Mon Sep  1 07:00:03 PM UTC 2025
Site updated and pushed at Mon Sep  1 08:00:02 PM UTC 2025
Site updated and pushed at Mon Sep  1 09:00:02 PM UTC 2025
Site updated and pushed at Mon Sep  1 10:00:03 PM UTC 2025
Site updated and pushed at Mon Sep  1 11:00:02 PM UTC 2025
Site updated and pushed at Tue Sep  2 12:00:03 AM UTC 2025
Site updated and pushed at Tue Sep  2 01:00:02 AM UTC 2025
Site updated and pushed at Tue Sep  2 02:00:02 AM UTC 2025
Site updated and pushed at Tue Sep  2 03:00:03 AM UTC 2025
Site updated and pushed at Tue Sep  2 04:00:02 AM UTC 2025
Site updated and pushed at Tue Sep  2 05:00:02 AM UTC 2025
Site updated and pushed at Tue Sep  2 06:00:02 AM UTC 2025
Site updated and pushed at Tue Sep  2 07:00:03 AM UTC 2025
Site updated and pushed at Tue Sep  2 08:00:02 AM UTC 2025
Site updated and pushed at Tue Sep  2 09:00:02 AM UTC 2025
Site updated and pushed at Tue Sep  2 10:00:03 AM UTC 2025
Site updated and pushed at Tue Sep  2 11:00:02 AM UTC 2025
Site updated and pushed at Tue Sep  2 12:00:03 PM UTC 2025
Site updated and pushed at Tue Sep  2 01:00:02 PM UTC 2025
Site updated and pushed at Tue Sep  2 02:00:03 PM UTC 2025
Site updated and pushed at Tue Sep  2 03:00:02 PM UTC 2025
Site updated and pushed at Tue Sep  2 04:00:03 PM UTC 2025
Site updated and pushed at Tue Sep  2 05:00:02 PM UTC 2025
Site updated and pushed at Tue Sep  2 06:00:03 PM UTC 2025
Site updated and pushed at Tue Sep  2 07:00:02 PM UTC 2025
Site updated and pushed at Tue Sep  2 08:00:03 PM UTC 2025
Site updated and pushed at Tue Sep  2 09:00:02 PM UTC 2025
Site updated and pushed at Tue Sep  2 10:00:03 PM UTC 2025
Site updated and pushed at Tue Sep  2 11:00:03 PM UTC 2025
Site updated and pushed at Wed Sep  3 12:00:02 AM UTC 2025
Site updated and pushed at Wed Sep  3 01:00:03 AM UTC 2025
Site updated and pushed at Wed Sep  3 02:00:03 AM UTC 2025
Site updated and pushed at Wed Sep  3 03:00:02 AM UTC 2025
Site updated and pushed at Wed Sep  3 04:00:02 AM UTC 2025
Site updated and pushed at Wed Sep  3 05:00:02 AM UTC 2025
Site updated and pushed at Wed Sep  3 06:00:03 AM UTC 2025
Site updated and pushed at Wed Sep  3 07:00:02 AM UTC 2025
Site updated and pushed at Wed Sep  3 08:00:03 AM UTC 2025
Site updated and pushed at Wed Sep  3 09:00:02 AM UTC 2025
Site updated and pushed at Wed Sep  3 10:00:03 AM UTC 2025
Site updated and pushed at Wed Sep  3 11:00:02 AM UTC 2025
Site updated and pushed at Wed Sep  3 12:00:03 PM UTC 2025
Site updated and pushed at Wed Sep  3 01:00:02 PM UTC 2025
Site updated and pushed at Wed Sep  3 02:00:03 PM UTC 2025
Site updated and pushed at Wed Sep  3 03:00:03 PM UTC 2025
Site updated and pushed at Wed Sep  3 04:00:02 PM UTC 2025
Site updated and pushed at Wed Sep  3 05:00:03 PM UTC 2025
Site updated and pushed at Wed Sep  3 06:00:02 PM UTC 2025
Site updated and pushed at Wed Sep  3 07:00:03 PM UTC 2025
Site updated and pushed at Wed Sep  3 08:00:02 PM UTC 2025
Site updated and pushed at Wed Sep  3 09:00:03 PM UTC 2025
Site updated and pushed at Wed Sep  3 10:00:02 PM UTC 2025
Site updated and pushed at Wed Sep  3 11:00:03 PM UTC 2025
Site updated and pushed at Thu Sep  4 12:00:02 AM UTC 2025
Site updated and pushed at Thu Sep  4 01:00:03 AM UTC 2025
Site updated and pushed at Thu Sep  4 02:00:02 AM UTC 2025
Site updated and pushed at Thu Sep  4 03:00:03 AM UTC 2025
Site updated and pushed at Thu Sep  4 04:00:03 AM UTC 2025
Site updated and pushed at Thu Sep  4 05:00:02 AM UTC 2025
Site updated and pushed at Thu Sep  4 06:00:03 AM UTC 2025
Site updated and pushed at Thu Sep  4 07:00:03 AM UTC 2025
Site updated and pushed at Thu Sep  4 08:00:02 AM UTC 2025
Site updated and pushed at Thu Sep  4 09:00:03 AM UTC 2025
Site updated and pushed at Thu Sep  4 10:00:02 AM UTC 2025
Site updated and pushed at Thu Sep  4 11:00:03 AM UTC 2025
Site updated and pushed at Thu Sep  4 12:00:02 PM UTC 2025
Site updated and pushed at Thu Sep  4 01:00:03 PM UTC 2025
Site updated and pushed at Thu Sep  4 02:00:02 PM UTC 2025
Site updated and pushed at Thu Sep  4 03:00:03 PM UTC 2025
Site updated and pushed at Thu Sep  4 04:00:06 PM UTC 2025
Site updated and pushed at Thu Sep  4 05:00:02 PM UTC 2025
Site updated and pushed at Thu Sep  4 06:00:07 PM UTC 2025
Site updated and pushed at Thu Sep  4 07:00:04 PM UTC 2025
Site updated and pushed at Thu Sep  4 08:00:04 PM UTC 2025
Site updated and pushed at Thu Sep  4 09:00:03 PM UTC 2025
Site updated and pushed at Thu Sep  4 10:00:04 PM UTC 2025
Site updated and pushed at Thu Sep  4 11:00:03 PM UTC 2025
Site updated and pushed at Fri Sep  5 12:00:03 AM UTC 2025
Site updated and pushed at Fri Sep  5 01:00:02 AM UTC 2025
Site updated and pushed at Fri Sep  5 02:00:03 AM UTC 2025
Site updated and pushed at Fri Sep  5 03:00:03 AM UTC 2025
Site updated and pushed at Fri Sep  5 04:00:06 AM UTC 2025
Site updated and pushed at Fri Sep  5 05:00:02 AM UTC 2025
Site updated and pushed at Fri Sep  5 06:00:02 AM UTC 2025
Site updated and pushed at Fri Sep  5 07:00:03 AM UTC 2025
Site updated and pushed at Fri Sep  5 08:00:02 AM UTC 2025
Site updated and pushed at Fri Sep  5 09:00:02 AM UTC 2025
Site updated and pushed at Fri Sep  5 10:00:08 AM UTC 2025
Site updated and pushed at Fri Sep  5 11:00:09 AM UTC 2025
Site updated and pushed at Fri Sep  5 12:00:02 PM UTC 2025
Site updated and pushed at Fri Sep  5 01:00:03 PM UTC 2025
Site updated and pushed at Fri Sep  5 02:00:03 PM UTC 2025
Site updated and pushed at Fri Sep  5 03:00:02 PM UTC 2025
Site updated and pushed at Fri Sep  5 04:00:08 PM UTC 2025
Site updated and pushed at Fri Sep  5 05:00:07 PM UTC 2025
Site updated and pushed at Fri Sep  5 06:00:03 PM UTC 2025
Site updated and pushed at Fri Sep  5 07:00:03 PM UTC 2025
Site updated and pushed at Fri Sep  5 08:00:08 PM UTC 2025
Site updated and pushed at Fri Sep  5 09:00:03 PM UTC 2025
Site updated and pushed at Fri Sep  5 10:00:02 PM UTC 2025
Site updated and pushed at Fri Sep  5 11:00:03 PM UTC 2025
Site updated and pushed at Sat Sep  6 12:00:03 AM UTC 2025
Site updated and pushed at Sat Sep  6 01:00:03 AM UTC 2025
Site updated and pushed at Sat Sep  6 02:00:02 AM UTC 2025
Site updated and pushed at Sat Sep  6 03:00:03 AM UTC 2025
Site updated and pushed at Sat Sep  6 04:00:02 AM UTC 2025
Site updated and pushed at Sat Sep  6 05:00:02 AM UTC 2025
Site updated and pushed at Sat Sep  6 06:00:03 AM UTC 2025
Site updated and pushed at Sat Sep  6 07:00:02 AM UTC 2025
Site updated and pushed at Sat Sep  6 08:00:02 AM UTC 2025
Site updated and pushed at Sat Sep  6 09:00:03 AM UTC 2025
Site updated and pushed at Sat Sep  6 10:00:02 AM UTC 2025
Site updated and pushed at Sat Sep  6 11:00:02 AM UTC 2025
Site updated and pushed at Sat Sep  6 12:00:03 PM UTC 2025
Site updated and pushed at Sat Sep  6 01:00:02 PM UTC 2025
Site updated and pushed at Sat Sep  6 02:00:02 PM UTC 2025
Site updated and pushed at Sat Sep  6 03:00:02 PM UTC 2025
Site updated and pushed at Sat Sep  6 04:00:02 PM UTC 2025
Site updated and pushed at Sat Sep  6 05:00:02 PM UTC 2025
Site updated and pushed at Sat Sep  6 06:00:02 PM UTC 2025
Site updated and pushed at Sat Sep  6 07:00:03 PM UTC 2025
Site updated and pushed at Sat Sep  6 08:00:02 PM UTC 2025
Site updated and pushed at Sat Sep  6 09:00:02 PM UTC 2025
Site updated and pushed at Sat Sep  6 10:00:03 PM UTC 2025
Site updated and pushed at Sat Sep  6 11:00:02 PM UTC 2025
Site updated and pushed at Sun Sep  7 12:00:02 AM UTC 2025
Site updated and pushed at Sun Sep  7 01:00:02 AM UTC 2025
Site updated and pushed at Sun Sep  7 02:00:03 AM UTC 2025
Site updated and pushed at Sun Sep  7 03:00:02 AM UTC 2025
Site updated and pushed at Sun Sep  7 04:00:02 AM UTC 2025
Site updated and pushed at Sun Sep  7 05:00:03 AM UTC 2025
Site updated and pushed at Sun Sep  7 06:00:02 AM UTC 2025
Site updated and pushed at Sun Sep  7 07:00:02 AM UTC 2025
Site updated and pushed at Sun Sep  7 08:00:02 AM UTC 2025
Site updated and pushed at Sun Sep  7 09:00:02 AM UTC 2025
Site updated and pushed at Sun Sep  7 10:00:02 AM UTC 2025
Site updated and pushed at Sun Sep  7 11:00:02 AM UTC 2025
Site updated and pushed at Sun Sep  7 12:00:02 PM UTC 2025
Site updated and pushed at Sun Sep  7 01:00:02 PM UTC 2025
Site updated and pushed at Sun Sep  7 02:00:02 PM UTC 2025
Site updated and pushed at Sun Sep  7 03:00:02 PM UTC 2025
Site updated and pushed at Sun Sep  7 04:00:02 PM UTC 2025
Site updated and pushed at Sun Sep  7 05:00:02 PM UTC 2025
Site updated and pushed at Sun Sep  7 06:00:02 PM UTC 2025
Site updated and pushed at Sun Sep  7 07:00:04 PM UTC 2025
Site updated and pushed at Sun Sep  7 08:00:02 PM UTC 2025
Site updated and pushed at Sun Sep  7 09:00:03 PM UTC 2025
Site updated and pushed at Sun Sep  7 10:00:04 PM UTC 2025
Site updated and pushed at Sun Sep  7 11:00:03 PM UTC 2025
Site updated and pushed at Mon Sep  8 12:00:02 AM UTC 2025
Site updated and pushed at Mon Sep  8 01:00:03 AM UTC 2025
Site updated and pushed at Mon Sep  8 02:00:02 AM UTC 2025
Site updated and pushed at Mon Sep  8 03:00:02 AM UTC 2025
Site updated and pushed at Mon Sep  8 04:00:03 AM UTC 2025
Site updated and pushed at Mon Sep  8 05:00:03 AM UTC 2025
Site updated and pushed at Mon Sep  8 06:00:02 AM UTC 2025
Site updated and pushed at Mon Sep  8 07:00:02 AM UTC 2025
Site updated and pushed at Mon Sep  8 08:00:04 AM UTC 2025
Site updated and pushed at Mon Sep  8 09:00:02 AM UTC 2025
Site updated and pushed at Mon Sep  8 10:00:04 AM UTC 2025
Site updated and pushed at Mon Sep  8 11:00:02 AM UTC 2025
Site updated and pushed at Mon Sep  8 12:00:03 PM UTC 2025
Site updated and pushed at Mon Sep  8 01:00:05 PM UTC 2025
Site updated and pushed at Mon Sep  8 02:00:05 PM UTC 2025
Site updated and pushed at Mon Sep  8 03:00:06 PM UTC 2025
Site updated and pushed at Mon Sep  8 04:00:22 PM UTC 2025
Site updated and pushed at Mon Sep  8 05:00:02 PM UTC 2025
Site updated and pushed at Mon Sep  8 06:00:03 PM UTC 2025
Site updated and pushed at Mon Sep  8 07:00:03 PM UTC 2025
